<?xml version="1.0" encoding="UTF-8"?>
<!-- Generated by org.testng.reporters.JUnitReportReporter -->
<testsuite hostname="DESKTOP-RLVQPSS" name="SeleniumLearning.robotClassTest" tests="1" failures="0" timestamp="11 Nov 2018 00:44:45 GMT" time="47.204" errors="0">
  <testcase name="fileUpload" time="47.204" classname="SeleniumLearning.robotClassTest"/>
</testsuite> <!-- SeleniumLearning.robotClassTest -->
