<?xml version="1.0" encoding="UTF-8"?>
<!-- Generated by org.testng.reporters.JUnitReportReporter -->
<testsuite hostname="DESKTOP-RLVQPSS" name="SeleniumLearning.AlertTesting" tests="1" failures="0" timestamp="13 Nov 2018 11:36:24 GMT" time="37.266" errors="0">
  <testcase name="prompalert" time="37.266" classname="SeleniumLearning.AlertTesting"/>
</testsuite> <!-- SeleniumLearning.AlertTesting -->
