<?xml version="1.0" encoding="UTF-8"?>
<!-- Generated by org.testng.reporters.JUnitReportReporter -->
<testsuite hostname="DESKTOP-RLVQPSS" name="SeleniumLearning.TestngLearning" tests="4" failures="0" timestamp="9 Nov 2018 03:15:48 GMT" time="69.221" errors="0">
  <testcase name="parameterTest" time="18.464" classname="SeleniumLearning.TestngLearning"/>
  <testcase name="fiveparameterTest" time="18.228" classname="SeleniumLearning.TestngLearning"/>
  <testcase name="twoparameterTest" time="13.726" classname="SeleniumLearning.TestngLearning"/>
  <testcase name="threeparameterTest" time="18.803" classname="SeleniumLearning.TestngLearning"/>
</testsuite> <!-- SeleniumLearning.TestngLearning -->
