<?xml version="1.0" encoding="UTF-8"?>
<!-- Generated by org.testng.reporters.JUnitReportReporter -->
<testsuite hostname="DESKTOP-RLVQPSS" name="SeleniumLearning.softwareTestingo" tests="1" failures="0" timestamp="7 Nov 2018 07:03:41 GMT" time="7.504" errors="0">
  <testcase name="training" time="7.504" classname="SeleniumLearning.softwareTestingo"/>
</testsuite> <!-- SeleniumLearning.softwareTestingo -->
