<?xml version="1.0" encoding="UTF-8"?>
<!-- Generated by org.testng.reporters.JUnitReportReporter -->
<testsuite hostname="DESKTOP-RLVQPSS" name="JavaInterview.Hashmap" tests="1" failures="0" timestamp="23 Oct 2018 18:08:53 GMT" time="0.011" errors="0">
  <testcase name="hashmapone" time="0.011" classname="JavaInterview.Hashmap"/>
</testsuite> <!-- JavaInterview.Hashmap -->
