<?xml version="1.0" encoding="UTF-8"?>
<!-- Generated by org.testng.reporters.JUnitReportReporter -->
<testsuite hostname="DESKTOP-RLVQPSS" name="SeleniumLearning.iFrameHandling" tests="1" failures="0" timestamp="15 Nov 2018 14:48:07 GMT" time="23.622" errors="0">
  <testcase name="defaultContent" time="23.622" classname="SeleniumLearning.iFrameHandling"/>
</testsuite> <!-- SeleniumLearning.iFrameHandling -->
