<?xml version="1.0" encoding="UTF-8"?>
<!-- Generated by org.testng.reporters.JUnitReportReporter -->
<testsuite hostname="DESKTOP-RLVQPSS" name="SeleniumLearning.captureSelectedvalue" tests="2" failures="0" timestamp="26 Oct 2018 18:35:15 GMT" time="54.590" errors="0">
  <testcase name="test" time="50.447" classname="SeleniumLearning.captureSelectedvalue"/>
  <testcase name="tes1t" time="4.143" classname="SeleniumLearning.captureSelectedvalue"/>
</testsuite> <!-- SeleniumLearning.captureSelectedvalue -->
