<?xml version="1.0" encoding="UTF-8"?>
<!-- Generated by org.testng.reporters.JUnitReportReporter -->
<testsuite hostname="DESKTOP-RLVQPSS" name="SeleniumLearning.Excel" tests="1" failures="0" timestamp="20 Oct 2018 18:53:28 GMT" time="11.613" errors="0">
  <testcase name="extractfromExcel" time="11.613" classname="SeleniumLearning.Excel"/>
</testsuite> <!-- SeleniumLearning.Excel -->
