<?xml version="1.0" encoding="UTF-8"?>
<!-- Generated by org.testng.reporters.JUnitReportReporter -->
<testsuite hostname="DESKTOP-RLVQPSS" name="SeleniumLearning.TestngLearning" tests="1" failures="0" timestamp="15 Nov 2018 00:47:09 GMT" time="33.223" errors="0">
  <testcase name="fourparameterTest" time="33.223" classname="SeleniumLearning.TestngLearning"/>
</testsuite> <!-- SeleniumLearning.TestngLearning -->
