<?xml version="1.0" encoding="UTF-8"?>
<!-- Generated by org.testng.reporters.JUnitReportReporter -->
<testsuite hostname="DESKTOP-RLVQPSS" name="JavaInterview.JavaInterview" tests="1" failures="0" timestamp="13 Nov 2018 11:13:55 GMT" time="0.016" errors="0">
  <testcase name="compare" time="0.016" classname="JavaInterview.JavaInterview"/>
</testsuite> <!-- JavaInterview.JavaInterview -->
