<?xml version="1.0" encoding="UTF-8"?>
<!-- Generated by org.testng.reporters.JUnitReportReporter -->
<testsuite hostname="DESKTOP-RLVQPSS" name="SeleniumLearning.javaScript" tests="1" failures="0" timestamp="2 Nov 2018 03:11:09 GMT" time="12.738" errors="0">
  <testcase name="jsClick" time="12.738" classname="SeleniumLearning.javaScript"/>
</testsuite> <!-- SeleniumLearning.javaScript -->
