<?xml version="1.0" encoding="UTF-8"?>
<!-- Generated by org.testng.reporters.JUnitReportReporter -->
<testsuite hostname="DESKTOP-RLVQPSS" name="JavaInterview.JavaInterview" tests="1" failures="0" timestamp="12 Nov 2018 03:18:35 GMT" time="0.000" errors="0">
  <testcase name="removeDuplicates" time="0.000" classname="JavaInterview.JavaInterview"/>
</testsuite> <!-- JavaInterview.JavaInterview -->
