<?xml version="1.0" encoding="UTF-8"?>
<!-- Generated by org.testng.reporters.JUnitReportReporter -->
<testsuite hostname="DESKTOP-RLVQPSS" name="SeleniumLearning.TestNGParameterized" tests="1" failures="0" timestamp="15 Oct 2018 17:13:51 GMT" time="6.121" errors="0">
  <testcase name="yahooLoginTest" time="6.121" classname="SeleniumLearning.TestNGParameterized"/>
</testsuite> <!-- SeleniumLearning.TestNGParameterized -->
