<?xml version="1.0" encoding="UTF-8"?>
<!-- Generated by org.testng.reporters.JUnitReportReporter -->
<testsuite hostname="DESKTOP-RLVQPSS" name="JavaLearning.JavaInterviewQuestions" tests="1" failures="0" timestamp="14 Oct 2018 18:25:09 GMT" time="0.016" errors="0">
  <testcase name="sample" time="0.016" classname="JavaLearning.JavaInterviewQuestions"/>
</testsuite> <!-- JavaLearning.JavaInterviewQuestions -->
