<?xml version="1.0" encoding="UTF-8"?>
<!-- Generated by org.testng.reporters.JUnitReportReporter -->
<testsuite hostname="DESKTOP-RLVQPSS" name="SeleniumLearning.Excel" tests="1" failures="0" timestamp="16 Nov 2018 08:47:46 GMT" time="1.512" errors="0">
  <testcase name="HandlingExcelSheet" time="1.512" classname="SeleniumLearning.Excel"/>
</testsuite> <!-- SeleniumLearning.Excel -->
