<?xml version="1.0" encoding="UTF-8"?>
<!-- Generated by org.testng.reporters.JUnitReportReporter -->
<testsuite hostname="DESKTOP-RLVQPSS" name="SeleniumLearning.FreeCrmTest" tests="1" failures="0" timestamp="16 Nov 2018 02:22:12 GMT" time="32.408" errors="0">
  <testcase name="loginWithAdminUser" time="32.408" classname="SeleniumLearning.FreeCrmTest"/>
</testsuite> <!-- SeleniumLearning.FreeCrmTest -->
